  Lab11.4.cpp
C:\Users\Oleg\source\repos\Lab11.4\Lab11.4\Lab11.4.cpp(55,1): warning C4326: return type of 'main' should be 'int' instead of 'void'
C:\Users\Oleg\source\repos\Lab11.4\Lab11.4\Lab11.4.cpp(56,12): warning C4244: 'argument': conversion from 'time_t' to 'unsigned int', possible loss of data
C:\Users\Oleg\source\repos\Lab11.4\Lab11.4\Lab11.4.cpp(72,23): warning C4018: '<': signed/unsigned mismatch
C:\Users\Oleg\source\repos\Lab11.4\Lab11.4\Lab11.4.cpp(90,10): warning C4566: character represented by universal-character-name '\u2116' cannot be represented in the current code page (1252)
C:\Users\Oleg\source\repos\Lab11.4\Lab11.4\Lab11.4.cpp(202,23): warning C4018: '<': signed/unsigned mismatch
C:\Users\Oleg\source\repos\Lab11.4\Lab11.4\Lab11.4.cpp(217,11): warning C4566: character represented by universal-character-name '\u0414' cannot be represented in the current code page (1252)
C:\Users\Oleg\source\repos\Lab11.4\Lab11.4\Lab11.4.cpp(217,11): warning C4566: character represented by universal-character-name '\u043E' cannot be represented in the current code page (1252)
C:\Users\Oleg\source\repos\Lab11.4\Lab11.4\Lab11.4.cpp(217,11): warning C4566: character represented by universal-character-name '\u0434' cannot be represented in the current code page (1252)
C:\Users\Oleg\source\repos\Lab11.4\Lab11.4\Lab11.4.cpp(217,11): warning C4566: character represented by universal-character-name '\u0430' cannot be represented in the current code page (1252)
C:\Users\Oleg\source\repos\Lab11.4\Lab11.4\Lab11.4.cpp(217,11): warning C4566: character represented by universal-character-name '\u0442' cannot be represented in the current code page (1252)
C:\Users\Oleg\source\repos\Lab11.4\Lab11.4\Lab11.4.cpp(217,11): warning C4566: character represented by universal-character-name '\u0438' cannot be represented in the current code page (1252)
C:\Users\Oleg\source\repos\Lab11.4\Lab11.4\Lab11.4.cpp(217,11): warning C4566: character represented by universal-character-name '\u043C' cannot be represented in the current code page (1252)
C:\Users\Oleg\source\repos\Lab11.4\Lab11.4\Lab11.4.cpp(217,11): warning C4566: character represented by universal-character-name '\u0440' cannot be represented in the current code page (1252)
C:\Users\Oleg\source\repos\Lab11.4\Lab11.4\Lab11.4.cpp(217,11): warning C4566: character represented by universal-character-name '\u0448' cannot be represented in the current code page (1252)
C:\Users\Oleg\source\repos\Lab11.4\Lab11.4\Lab11.4.cpp(217,11): warning C4566: character represented by universal-character-name '\u0443' cannot be represented in the current code page (1252)
C:\Users\Oleg\source\repos\Lab11.4\Lab11.4\Lab11.4.cpp(218,4): warning C4566: character represented by universal-character-name '\u0412' cannot be represented in the current code page (1252)
C:\Users\Oleg\source\repos\Lab11.4\Lab11.4\Lab11.4.cpp(218,4): warning C4566: character represented by universal-character-name '\u0438' cannot be represented in the current code page (1252)
C:\Users\Oleg\source\repos\Lab11.4\Lab11.4\Lab11.4.cpp(218,4): warning C4566: character represented by universal-character-name '\u0434' cannot be represented in the current code page (1252)
C:\Users\Oleg\source\repos\Lab11.4\Lab11.4\Lab11.4.cpp(218,4): warning C4566: character represented by universal-character-name '\u0430' cannot be represented in the current code page (1252)
C:\Users\Oleg\source\repos\Lab11.4\Lab11.4\Lab11.4.cpp(218,4): warning C4566: character represented by universal-character-name '\u043B' cannot be represented in the current code page (1252)
C:\Users\Oleg\source\repos\Lab11.4\Lab11.4\Lab11.4.cpp(218,4): warning C4566: character represented by universal-character-name '\u0442' cannot be represented in the current code page (1252)
C:\Users\Oleg\source\repos\Lab11.4\Lab11.4\Lab11.4.cpp(218,4): warning C4566: character represented by universal-character-name '\u043C' cannot be represented in the current code page (1252)
C:\Users\Oleg\source\repos\Lab11.4\Lab11.4\Lab11.4.cpp(218,4): warning C4566: character represented by universal-character-name '\u0440' cannot be represented in the current code page (1252)
C:\Users\Oleg\source\repos\Lab11.4\Lab11.4\Lab11.4.cpp(218,4): warning C4566: character represented by universal-character-name '\u0448' cannot be represented in the current code page (1252)
C:\Users\Oleg\source\repos\Lab11.4\Lab11.4\Lab11.4.cpp(218,4): warning C4566: character represented by universal-character-name '\u0443' cannot be represented in the current code page (1252)
C:\Users\Oleg\source\repos\Lab11.4\Lab11.4\Lab11.4.cpp(219,4): warning C4566: character represented by universal-character-name '\u0420' cannot be represented in the current code page (1252)
C:\Users\Oleg\source\repos\Lab11.4\Lab11.4\Lab11.4.cpp(219,4): warning C4566: character represented by universal-character-name '\u0435' cannot be represented in the current code page (1252)
C:\Users\Oleg\source\repos\Lab11.4\Lab11.4\Lab11.4.cpp(219,4): warning C4566: character represented by universal-character-name '\u0434' cannot be represented in the current code page (1252)
C:\Users\Oleg\source\repos\Lab11.4\Lab11.4\Lab11.4.cpp(219,4): warning C4566: character represented by universal-character-name '\u0430' cannot be represented in the current code page (1252)
C:\Users\Oleg\source\repos\Lab11.4\Lab11.4\Lab11.4.cpp(219,4): warning C4566: character represented by universal-character-name '\u0433' cannot be represented in the current code page (1252)
C:\Users\Oleg\source\repos\Lab11.4\Lab11.4\Lab11.4.cpp(219,4): warning C4566: character represented by universal-character-name '\u0443' cannot be represented in the current code page (1252)
C:\Users\Oleg\source\repos\Lab11.4\Lab11.4\Lab11.4.cpp(219,4): warning C4566: character represented by universal-character-name '\u0432' cannot be represented in the current code page (1252)
C:\Users\Oleg\source\repos\Lab11.4\Lab11.4\Lab11.4.cpp(219,4): warning C4566: character represented by universal-character-name '\u0442' cannot be represented in the current code page (1252)
C:\Users\Oleg\source\repos\Lab11.4\Lab11.4\Lab11.4.cpp(219,4): warning C4566: character represented by universal-character-name '\u0438' cannot be represented in the current code page (1252)
C:\Users\Oleg\source\repos\Lab11.4\Lab11.4\Lab11.4.cpp(219,4): warning C4566: character represented by universal-character-name '\u043C' cannot be represented in the current code page (1252)
C:\Users\Oleg\source\repos\Lab11.4\Lab11.4\Lab11.4.cpp(219,4): warning C4566: character represented by universal-character-name '\u0440' cannot be represented in the current code page (1252)
C:\Users\Oleg\source\repos\Lab11.4\Lab11.4\Lab11.4.cpp(219,4): warning C4566: character represented by universal-character-name '\u0448' cannot be represented in the current code page (1252)
C:\Users\Oleg\source\repos\Lab11.4\Lab11.4\Lab11.4.cpp(220,4): warning C4566: character represented by universal-character-name '\u0421' cannot be represented in the current code page (1252)
C:\Users\Oleg\source\repos\Lab11.4\Lab11.4\Lab11.4.cpp(220,4): warning C4566: character represented by universal-character-name '\u043E' cannot be represented in the current code page (1252)
C:\Users\Oleg\source\repos\Lab11.4\Lab11.4\Lab11.4.cpp(220,4): warning C4566: character represented by universal-character-name '\u0440' cannot be represented in the current code page (1252)
C:\Users\Oleg\source\repos\Lab11.4\Lab11.4\Lab11.4.cpp(220,4): warning C4566: character represented by universal-character-name '\u0442' cannot be represented in the current code page (1252)
C:\Users\Oleg\source\repos\Lab11.4\Lab11.4\Lab11.4.cpp(220,4): warning C4566: character represented by universal-character-name '\u0443' cannot be represented in the current code page (1252)
C:\Users\Oleg\source\repos\Lab11.4\Lab11.4\Lab11.4.cpp(220,4): warning C4566: character represented by universal-character-name '\u0432' cannot be represented in the current code page (1252)
C:\Users\Oleg\source\repos\Lab11.4\Lab11.4\Lab11.4.cpp(220,4): warning C4566: character represented by universal-character-name '\u0430' cannot be represented in the current code page (1252)
C:\Users\Oleg\source\repos\Lab11.4\Lab11.4\Lab11.4.cpp(220,4): warning C4566: character represented by universal-character-name '\u0438' cannot be represented in the current code page (1252)
C:\Users\Oleg\source\repos\Lab11.4\Lab11.4\Lab11.4.cpp(220,4): warning C4566: character represented by universal-character-name '\u0437' cannot be represented in the current code page (1252)
C:\Users\Oleg\source\repos\Lab11.4\Lab11.4\Lab11.4.cpp(220,4): warning C4566: character represented by universal-character-name '\u043A' cannot be represented in the current code page (1252)
C:\Users\Oleg\source\repos\Lab11.4\Lab11.4\Lab11.4.cpp(220,4): warning C4566: character represented by universal-character-name '\u043B' cannot be represented in the current code page (1252)
C:\Users\Oleg\source\repos\Lab11.4\Lab11.4\Lab11.4.cpp(220,4): warning C4566: character represented by universal-character-name '\u0434' cannot be represented in the current code page (1252)
C:\Users\Oleg\source\repos\Lab11.4\Lab11.4\Lab11.4.cpp(221,4): warning C4566: character represented by universal-character-name '\u0412' cannot be represented in the current code page (1252)
C:\Users\Oleg\source\repos\Lab11.4\Lab11.4\Lab11.4.cpp(221,4): warning C4566: character represented by universal-character-name '\u0432' cannot be represented in the current code page (1252)
C:\Users\Oleg\source\repos\Lab11.4\Lab11.4\Lab11.4.cpp(221,4): warning C4566: character represented by universal-character-name '\u0435' cannot be represented in the current code page (1252)
C:\Users\Oleg\source\repos\Lab11.4\Lab11.4\Lab11.4.cpp(221,4): warning C4566: character represented by universal-character-name '\u0441' cannot be represented in the current code page (1252)
C:\Users\Oleg\source\repos\Lab11.4\Lab11.4\Lab11.4.cpp(221,4): warning C4566: character represented by universal-character-name '\u0442' cannot be represented in the current code page (1252)
C:\Users\Oleg\source\repos\Lab11.4\Lab11.4\Lab11.4.cpp(221,4): warning C4566: character represented by universal-character-name '\u0438' cannot be represented in the current code page (1252)
C:\Users\Oleg\source\repos\Lab11.4\Lab11.4\Lab11.4.cpp(221,4): warning C4566: character represented by universal-character-name '\u0447' cannot be represented in the current code page (1252)
C:\Users\Oleg\source\repos\Lab11.4\Lab11.4\Lab11.4.cpp(221,4): warning C4566: character represented by universal-character-name '\u0430' cannot be represented in the current code page (1252)
C:\Users\Oleg\source\repos\Lab11.4\Lab11.4\Lab11.4.cpp(222,4): warning C4566: character represented by universal-character-name '\u041F' cannot be represented in the current code page (1252)
C:\Users\Oleg\source\repos\Lab11.4\Lab11.4\Lab11.4.cpp(222,4): warning C4566: character represented by universal-character-name '\u043E' cannot be represented in the current code page (1252)
C:\Users\Oleg\source\repos\Lab11.4\Lab11.4\Lab11.4.cpp(222,4): warning C4566: character represented by universal-character-name '\u043A' cannot be represented in the current code page (1252)
C:\Users\Oleg\source\repos\Lab11.4\Lab11.4\Lab11.4.cpp(222,4): warning C4566: character represented by universal-character-name '\u0430' cannot be represented in the current code page (1252)
C:\Users\Oleg\source\repos\Lab11.4\Lab11.4\Lab11.4.cpp(222,4): warning C4566: character represented by universal-character-name '\u0437' cannot be represented in the current code page (1252)
C:\Users\Oleg\source\repos\Lab11.4\Lab11.4\Lab11.4.cpp(222,4): warning C4566: character represented by universal-character-name '\u0442' cannot be represented in the current code page (1252)
C:\Users\Oleg\source\repos\Lab11.4\Lab11.4\Lab11.4.cpp(222,4): warning C4566: character represented by universal-character-name '\u0438' cannot be represented in the current code page (1252)
C:\Users\Oleg\source\repos\Lab11.4\Lab11.4\Lab11.4.cpp(222,4): warning C4566: character represented by universal-character-name '\u0432' cannot be represented in the current code page (1252)
C:\Users\Oleg\source\repos\Lab11.4\Lab11.4\Lab11.4.cpp(222,4): warning C4566: character represented by universal-character-name '\u0441' cannot be represented in the current code page (1252)
C:\Users\Oleg\source\repos\Lab11.4\Lab11.4\Lab11.4.cpp(222,4): warning C4566: character represented by universal-character-name '\u0456' cannot be represented in the current code page (1252)
C:\Users\Oleg\source\repos\Lab11.4\Lab11.4\Lab11.4.cpp(222,4): warning C4566: character represented by universal-character-name '\u043C' cannot be represented in the current code page (1252)
C:\Users\Oleg\source\repos\Lab11.4\Lab11.4\Lab11.4.cpp(222,4): warning C4566: character represented by universal-character-name '\u0440' cannot be represented in the current code page (1252)
C:\Users\Oleg\source\repos\Lab11.4\Lab11.4\Lab11.4.cpp(222,4): warning C4566: character represented by universal-character-name '\u0448' cannot be represented in the current code page (1252)
C:\Users\Oleg\source\repos\Lab11.4\Lab11.4\Lab11.4.cpp(222,4): warning C4566: character represented by universal-character-name '\u0443' cannot be represented in the current code page (1252)
C:\Users\Oleg\source\repos\Lab11.4\Lab11.4\Lab11.4.cpp(306,23): warning C4018: '<': signed/unsigned mismatch
C:\Users\Oleg\source\repos\Lab11.4\Lab11.4\Lab11.4.cpp(320,11): warning C4244: 'initializing': conversion from 'std::streamoff' to 'int', possible loss of data
C:\Users\Oleg\source\repos\Lab11.4\Lab11.4\Lab11.4.cpp(382,10): warning C4566: character represented by universal-character-name '\u2116' cannot be represented in the current code page (1252)
C:\Users\Oleg\source\repos\Lab11.4\Lab11.4\Lab11.4.cpp(386,31): warning C4018: '>': signed/unsigned mismatch
C:\Users\Oleg\source\repos\Lab11.4\Lab11.4\Lab11.4.cpp(407,23): warning C4018: '<': signed/unsigned mismatch
  Lab11.4.vcxproj -> C:\Users\Oleg\source\repos\Lab11.4\Debug\Lab11.4.exe
